2016-12-04 20:47:08,151 INFO  [TC001] New driver instantiated 
2016-12-04 20:48:33,211 INFO  [TC001] New driver instantiated 
2016-12-04 20:49:28,456 INFO  [TC001] New driver instantiated 
2016-12-04 20:51:09,906 INFO  [TC001] New driver instantiated 
2016-12-04 20:58:09,226 INFO  [TC001] New driver instantiated 
2016-12-04 22:59:28,939 INFO  [TC001] New driver instantiated 
2016-12-05 00:15:43,951 INFO  [Log] **************************************************************************************** 
2016-12-05 00:15:43,953 INFO  [Log] **************************************************************************************** 
2016-12-05 00:15:43,953 INFO  [Log] $$$$$$$$$$$$$$$$$$$$$                 TC01       $$$$$$$$$$$$$$$$$$$$$$$$$ 
2016-12-05 00:15:43,953 INFO  [Log] **************************************************************************************** 
2016-12-05 00:15:43,953 INFO  [Log] **************************************************************************************** 
2016-12-05 00:15:56,748 INFO  [Log] New driver instantiated 
2016-12-05 00:16:11,410 INFO  [Log] XXXXXXXXXXXXXXXXXXXXXXX             -E---N---D-             XXXXXXXXXXXXXXXXXXXXXX 
2016-12-05 00:16:11,410 INFO  [Log] X 
2016-12-05 00:16:11,410 INFO  [Log] X 
2016-12-05 00:16:11,410 INFO  [Log] X 
2016-12-05 00:16:11,410 INFO  [Log] X 
2016-12-05 00:18:18,383 INFO  [Log] **************************************************************************************** 
2016-12-05 00:18:18,384 INFO  [Log] **************************************************************************************** 
2016-12-05 00:18:18,385 INFO  [Log] $$$$$$$$$$$$$$$$$$$$$                 TC01         $$$$$$$$$$$$$$$$$$$$$$$$$ 
2016-12-05 00:18:18,385 INFO  [Log] **************************************************************************************** 
2016-12-05 00:18:18,385 INFO  [Log] **************************************************************************************** 
2016-12-05 00:18:29,467 INFO  [Log] New driver instantiated 
2016-12-05 00:18:41,068 INFO  [Log] XXXXXXXXXXXXXXXXXXXXXXX             -E---N---D-             XXXXXXXXXXXXXXXXXXXXXX 
2016-12-05 00:18:41,068 INFO  [Log] X 
2016-12-05 00:18:41,069 INFO  [Log] X 
2016-12-05 00:20:01,435 INFO  [Log] **************************************************************************************** 
2016-12-05 00:20:01,437 INFO  [Log] **************************************************************************************** 
2016-12-05 00:20:01,437 INFO  [Log] $$$$$$$$$$$$$$$$$$$$$         TC01         $$$$$$$$$$$$$$$$$$$$$$$$$ 
2016-12-05 00:20:01,437 INFO  [Log] **************************************************************************************** 
2016-12-05 00:20:01,437 INFO  [Log] **************************************************************************************** 
2016-12-05 00:20:13,344 INFO  [Log] New driver instantiated 
2016-12-05 00:20:23,815 INFO  [Log] XXXXXXXXXXXXXXXXXXXXXXX             -E---N---D-             XXXXXXXXXXXXXXXXXXXXXX 
2016-12-05 00:20:23,815 INFO  [Log] X 
2016-12-05 00:20:23,815 INFO  [Log] X 
2016-12-05 00:21:23,532 INFO  [Log] **************************************************************************************** 
2016-12-05 00:21:23,533 INFO  [Log] **************************************************************************************** 
2016-12-05 00:21:23,533 INFO  [Log] $$$$$$$$$$$$$$$$$$$$$                 TC01                 $$$$$$$$$$$$$$$$$$$$$$$$$ 
2016-12-05 00:21:23,533 INFO  [Log] **************************************************************************************** 
2016-12-05 00:21:23,533 INFO  [Log] **************************************************************************************** 
2016-12-05 00:21:34,724 INFO  [Log] New driver instantiated 
2016-12-05 00:21:46,432 INFO  [Log] XXXXXXXXXXXXXXXXXXXXXXX             -E---N---D-             XXXXXXXXXXXXXXXXXXXXXX 
2016-12-05 00:21:46,433 INFO  [Log] X 
2016-12-05 00:21:46,433 INFO  [Log] X 
2016-12-06 21:54:52,867 INFO  [Log] **************************************************************************************** 
2016-12-06 21:54:52,872 INFO  [Log] **************************************************************************************** 
2016-12-06 21:54:52,873 INFO  [Log] $$$$$$$$$$$$$$$$$$$$$                 TC01                 $$$$$$$$$$$$$$$$$$$$$$$$$ 
2016-12-06 21:54:52,873 INFO  [Log] **************************************************************************************** 
2016-12-06 21:54:52,873 INFO  [Log] **************************************************************************************** 
2016-12-06 21:55:35,730 INFO  [Log] New driver instantiated 
2016-12-06 22:47:18,351 INFO  [Log] **************************************************************************************** 
2016-12-06 22:47:18,352 INFO  [Log] **************************************************************************************** 
2016-12-06 22:47:18,353 INFO  [Log] $$$$$$$$$$$$$$$$$$$$$                 TC01                 $$$$$$$$$$$$$$$$$$$$$$$$$ 
2016-12-06 22:47:18,353 INFO  [Log] **************************************************************************************** 
2016-12-06 22:47:18,353 INFO  [Log] **************************************************************************************** 
2016-12-06 22:47:33,986 INFO  [Log] New driver instantiated 
2016-12-06 22:49:13,649 INFO  [Log] **************************************************************************************** 
2016-12-06 22:49:13,650 INFO  [Log] **************************************************************************************** 
2016-12-06 22:49:13,650 INFO  [Log] $$$$$$$$$$$$$$$$$$$$$                 TC01                 $$$$$$$$$$$$$$$$$$$$$$$$$ 
2016-12-06 22:49:13,650 INFO  [Log] **************************************************************************************** 
2016-12-06 22:49:13,650 INFO  [Log] **************************************************************************************** 
2016-12-06 22:49:26,998 INFO  [Log] New driver instantiated 
2016-12-06 22:49:34,690 INFO  [Log] XXXXXXXXXXXXXXXXXXXXXXX             -E---N---D-             XXXXXXXXXXXXXXXXXXXXXX 
2016-12-06 22:49:34,691 INFO  [Log] X 
2016-12-06 22:49:34,691 INFO  [Log] X 
2016-12-06 22:56:16,368 INFO  [Log] New driver instantiated 
2016-12-06 22:58:03,899 INFO  [Log] **************************************************************************************** 
2016-12-06 22:58:03,900 INFO  [Log] **************************************************************************************** 
2016-12-06 22:58:03,901 INFO  [Log] $$$$$$$$$$$$$$$$$$$$$                 TC01                 $$$$$$$$$$$$$$$$$$$$$$$$$ 
2016-12-06 22:58:03,901 INFO  [Log] **************************************************************************************** 
2016-12-06 22:58:03,901 INFO  [Log] **************************************************************************************** 
2016-12-06 22:58:17,071 INFO  [Log] New driver instantiated 
2016-12-06 22:58:33,695 INFO  [Log] XXXXXXXXXXXXXXXXXXXXXXX             -E---N---D-             XXXXXXXXXXXXXXXXXXXXXX 
2016-12-06 22:58:33,695 INFO  [Log] X 
2016-12-06 22:58:33,695 INFO  [Log] X 
2016-12-06 23:09:15,181 INFO  [Log] **************************************************************************************** 
2016-12-06 23:09:15,183 INFO  [Log] **************************************************************************************** 
2016-12-06 23:09:15,183 INFO  [Log] $$$$$$$$$$$$$$$$$$$$$                 TC01                 $$$$$$$$$$$$$$$$$$$$$$$$$ 
2016-12-06 23:09:15,183 INFO  [Log] **************************************************************************************** 
2016-12-06 23:09:15,183 INFO  [Log] **************************************************************************************** 
2016-12-06 23:09:29,258 INFO  [Log] New driver instantiated 
2016-12-06 23:09:38,967 INFO  [Log] XXXXXXXXXXXXXXXXXXXXXXX             -E---N---D-             XXXXXXXXXXXXXXXXXXXXXX 
2016-12-06 23:09:38,967 INFO  [Log] X 
2016-12-06 23:09:38,967 INFO  [Log] X 
2017-04-30 13:31:42,471 INFO  [Log] **************************************************************************************** 
2017-04-30 13:31:42,475 INFO  [Log] **************************************************************************************** 
2017-04-30 13:31:42,475 INFO  [Log] $$$$$$$$$$$$$$$$$$$$$                 TC01                 $$$$$$$$$$$$$$$$$$$$$$$$$ 
2017-04-30 13:31:42,475 INFO  [Log] **************************************************************************************** 
2017-04-30 13:31:42,475 INFO  [Log] **************************************************************************************** 
2017-04-30 13:32:08,523 INFO  [Log] New driver instantiated 
2017-04-30 13:32:29,085 INFO  [Log] XXXXXXXXXXXXXXXXXXXXXXX             -E---N---D-             XXXXXXXXXXXXXXXXXXXXXX 
2017-04-30 13:32:29,086 INFO  [Log] X 
2017-04-30 13:32:29,086 INFO  [Log] X 
2017-04-30 20:37:09,348 INFO  [Log] **************************************************************************************** 
2017-04-30 20:37:09,350 INFO  [Log] **************************************************************************************** 
2017-04-30 20:37:09,351 INFO  [Log] $$$$$$$$$$$$$$$$$$$$$                 TC01                 $$$$$$$$$$$$$$$$$$$$$$$$$ 
2017-04-30 20:37:09,351 INFO  [Log] **************************************************************************************** 
2017-04-30 20:37:09,351 INFO  [Log] **************************************************************************************** 
2017-04-30 20:37:44,684 INFO  [Log] New driver instantiated 
